Arguments: 
  /usr/local/Cellar/node/14.3.0/bin/node /usr/local/Cellar/yarn/1.22.4/libexec/bin/yarn.js dev

PATH: 
  /usr/local/bin:/usr/bin:/bin:/usr/sbin:/sbin:/usr/local/go/bin

Yarn version: 
  1.22.4

Node version: 
  14.3.0

Platform: 
  darwin x64

Trace: 
  SyntaxError: /Users/felixbrunner/Code/src/github/brunnerf/playground/graphql/package.json: Unexpected string in JSON at position 351
      at JSON.parse (<anonymous>)
      at /usr/local/Cellar/yarn/1.22.4/libexec/lib/cli.js:1625:59
      at Generator.next (<anonymous>)
      at step (/usr/local/Cellar/yarn/1.22.4/libexec/lib/cli.js:310:30)
      at /usr/local/Cellar/yarn/1.22.4/libexec/lib/cli.js:321:13

npm manifest: 
  {
    "name": "graphql",
    "version": "1.0.0",
    "description": "graphql nodejs application",
    "main": "src/index.js",
    "repository": "https://github.com/brunnerf/graphql",
    "author": "brunnerf <brunner_felix@bluewin.ch>",
    "license": "MIT",
    "private": false,
  
    "scripts": {
      "deploy": "S3_BUCKET=dev-brunnefe-graphql-lambda ./bin/deploy"
      "dev": "sam local start-api --template-file cloudformation.yml"
    }
  }

yarn manifest: 
  No manifest

Lockfile: 
  No lockfile
